Using pre-set license
Built from '2020.2/staging' branch; Version is '2020.2.5f1 (e2c53f129de5) revision 14861631'; Using compiler version '192528614'; Build Type 'Release'
OS: 'Windows 10 Home; OS build 19043.1110; Version 2009; 64bit' Language: 'en' Physical Memory: 16306 MB
BatchMode: 1, IsHumanControllingUs: 0, StartBugReporterOnCrash: 0, Is64bit: 1, IsPro: 0

 COMMAND LINE ARGUMENTS:
C:\Program Files\Unity\Hub\Editor\2020.2.5f1\Editor\Unity.exe
-adb2
-batchMode
-noUpm
-name
AssetImportWorker0
-projectPath
D:/Unity Projects/RocketLauncher/RocketLauncherUnity
-logFile
Logs/AssetImportWorker0.log
-srvPort
62178
Successfully changed project path to: D:/Unity Projects/RocketLauncher/RocketLauncherUnity
D:/Unity Projects/RocketLauncher/RocketLauncherUnity
Using Asset Import Pipeline V2.
Refreshing native plugins compatible for Editor in 18.43 ms, found 0 plugins.
Preloading 0 native plugins for Editor in 0.00 ms.
Initialize engine version: 2020.2.5f1 (e2c53f129de5)
[Subsystems] Discovering subsystems at path C:/Program Files/Unity/Hub/Editor/2020.2.5f1/Editor/Data/Resources/UnitySubsystems
[Subsystems] Discovering subsystems at path D:/Unity Projects/RocketLauncher/RocketLauncherUnity/Assets
GfxDevice: creating device client; threaded=0
Direct3D:
    Version:  Direct3D 11.0 [level 11.1]
    Renderer: Radeon RX 580 Series (ID=0x67df)
    Vendor:   
    VRAM:     8171 MB
    Driver:   27.20.1034.6
Initialize mono
Mono path[0] = 'C:/Program Files/Unity/Hub/Editor/2020.2.5f1/Editor/Data/Managed'
Mono path[1] = 'C:/Program Files/Unity/Hub/Editor/2020.2.5f1/Editor/Data/MonoBleedingEdge/lib/mono/unityjit'
Mono config path = 'C:/Program Files/Unity/Hub/Editor/2020.2.5f1/Editor/Data/MonoBleedingEdge/etc'
Using monoOptions --debugger-agent=transport=dt_socket,embedding=1,server=y,suspend=n,address=127.0.0.1:56544
Begin MonoManager ReloadAssembly
Registering precompiled unity dll's ...
Register platform support module: C:/Program Files/Unity/Hub/Editor/2020.2.5f1/Editor/Data/PlaybackEngines/WebGLSupport/UnityEditor.WebGL.Extensions.dll
Register platform support module: C:/Program Files/Unity/Hub/Editor/2020.2.5f1/Editor/Data/PlaybackEngines/WindowsStandaloneSupport/UnityEditor.WindowsStandalone.Extensions.dll
Registered in 0.002623 seconds.
Native extension for WindowsStandalone target not found
Native extension for WebGL target not found
Refreshing native plugins compatible for Editor in 18.10 ms, found 0 plugins.
Preloading 0 native plugins for Editor in 0.00 ms.
Invoked RoslynAnalysisRunner static constructor.
RoslynAnalysisRunner will not be running.
RoslynAnalysisRunner has terminated.
Mono: successfully reloaded assembly
- Completed reload, in  1.828 seconds
Platform modules already initialized, skipping
Registering precompiled user dll's ...
Registered in 0.000492 seconds.
Begin MonoManager ReloadAssembly
Native extension for WindowsStandalone target not found
Native extension for WebGL target not found
Refreshing native plugins compatible for Editor in 0.17 ms, found 0 plugins.
Preloading 0 native plugins for Editor in 0.00 ms.
Invoked RoslynAnalysisRunner static constructor.
RoslynAnalysisRunner will not be running.
RoslynAnalysisRunner has terminated.
Mono: successfully reloaded assembly
- Completed reload, in  0.697 seconds
Platform modules already initialized, skipping
========================================================================
Worker process is ready to serve import requests
Launched and connected shader compiler UnityShaderCompiler.exe after 0.04 seconds
Refreshing native plugins compatible for Editor in 0.17 ms, found 0 plugins.
Preloading 0 native plugins for Editor in 0.00 ms.
Unloading 1105 Unused Serialized files (Serialized files now loaded: 0)
System memory in use before: 56.7 MB.
System memory in use after: 56.8 MB.

Unloading 10 unused Assets to reduce memory usage. Loaded Objects now: 1546.
Total: 1.528400 ms (FindLiveObjects: 0.120900 ms CreateObjectMapping: 0.041500 ms MarkObjects: 1.306900 ms  DeleteObjects: 0.058200 ms)

========================================================================
Received Import Request.
  path: Assets/Audio
  artifactKey: Guid(eb018589e95081b459c000cc694a1ab1) Importer(815301076,1909f56bfc062723c751e8b465ee728b)
Start importing Assets/Audio using Guid(eb018589e95081b459c000cc694a1ab1) Importer(815301076,1909f56bfc062723c751e8b465ee728b)  -> (artifact id: 'b942cb32ecd63a93ea75323d967c0244') in 0.003694 seconds
  Import took 0.005056 seconds .

========================================================================
Received Import Request.
  Time since last request: 0.000266 seconds.
  path: Assets/Script
  artifactKey: Guid(f7b0fb4f54a3d0b4e8f645da4057140f) Importer(815301076,1909f56bfc062723c751e8b465ee728b)
Start importing Assets/Script using Guid(f7b0fb4f54a3d0b4e8f645da4057140f) Importer(815301076,1909f56bfc062723c751e8b465ee728b)  -> (artifact id: '74ea1078433142a8bba0df32b8f9f926') in 0.000907 seconds
  Import took 0.002063 seconds .

========================================================================
Received Import Request.
  Time since last request: 0.000264 seconds.
  path: Assets/Script/RocketCollision.cs
  artifactKey: Guid(a3df17deb827dad429714c1e45a10cba) Importer(815301076,1909f56bfc062723c751e8b465ee728b)
Start importing Assets/Script/RocketCollision.cs using Guid(a3df17deb827dad429714c1e45a10cba) Importer(815301076,1909f56bfc062723c751e8b465ee728b)  -> (artifact id: 'f8a51b548bb7ba8a52338ab3daf7df36') in 0.030802 seconds
  Import took 0.032182 seconds .

========================================================================
Received Import Request.
  Time since last request: 172.729594 seconds.
  path: Assets/Audio/rocket.ogg
  artifactKey: Guid(346df77d3615f2349890afca9d6b74cb) Importer(815301076,1909f56bfc062723c751e8b465ee728b)
Start importing Assets/Audio/rocket.ogg using Guid(346df77d3615f2349890afca9d6b74cb) Importer(815301076,1909f56bfc062723c751e8b465ee728b)  -> (artifact id: '4e6b2d6d71073822d9a168764b57c4ea') in 0.104854 seconds
  Import took 0.106825 seconds .

========================================================================
Received Import Request.
  Time since last request: 18.468829 seconds.
  path: Assets/Audio/crash.ogg
  artifactKey: Guid(1d272642141fa2a498d309a4071e01b8) Importer(815301076,1909f56bfc062723c751e8b465ee728b)
Start importing Assets/Audio/crash.ogg using Guid(1d272642141fa2a498d309a4071e01b8) Importer(815301076,1909f56bfc062723c751e8b465ee728b)  -> (artifact id: '853bffc156184b01a4891e4cbdbb073c') in 0.006308 seconds
  Import took 0.007935 seconds .

AssetImportWorkerClient::OnTransportError - code=2 error=End of file
